* using log directory ‘/Users/bbuchsbaum/code/rMVPA/rMVPA.Rcheck’
* using R version 4.3.2 (2023-10-31)
* using platform: aarch64-apple-darwin20 (64-bit)
* R was compiled by
    Apple clang version 14.0.0 (clang-1400.0.29.202)
    GNU Fortran (GCC) 12.2.0
* running under: macOS Sonoma 14.3
* using session charset: UTF-8
* using option ‘--as-cran’
* checking for file ‘rMVPA/DESCRIPTION’ ... OK
* checking extension type ... Package
* this is package ‘rMVPA’ version ‘0.1.2’
* package encoding: UTF-8
* checking CRAN incoming feasibility ... WARNING
Maintainer: ‘Bradley R. Buchsbaum <brad.buchsbaum@gmail.com>’

New submission

Unknown, possibly misspelled, fields in DESCRIPTION:
  ‘Remotes’

Strong dependencies not in mainstream repositories:
  neurosurf

Package has a VignetteBuilder field but no prebuilt vignette index.

The Date field is over a month old.

Size of tarball: 96604296 bytes
* checking package namespace information ... OK
* checking package dependencies ... ERROR
Namespace dependency missing from DESCRIPTION Imports/Depends entries: ‘tidyselect’

Imports includes 32 non-default packages.
Importing from so many packages makes the package vulnerable to any of
them becoming unavailable.  Move as many as possible to Suggests and
use conditionally.

See section ‘The DESCRIPTION file’ in the ‘Writing R Extensions’
manual.
* DONE
Status: 1 ERROR, 1 WARNING
